<?xml version="1.0" encoding="UTF-8"?>
<testng-results skipped="0" failed="0" ignored="0" total="6" passed="6">
  <reporter-output>
  </reporter-output>
  <suite name="Default suite" duration-ms="9793" started-at="2019-11-14T15:20:44 CET" finished-at="2019-11-14T15:20:53 CET">
    <groups>
    </groups>
    <test name="Default test" duration-ms="9793" started-at="2019-11-14T15:20:44 CET" finished-at="2019-11-14T15:20:53 CET">
      <class name="PetstoreAPI_PostiveFlow.PetstoreAPI">
        <test-method status="PASS" signature="addNewPet()[pri:1, instance:PetstoreAPI_PostiveFlow.PetstoreAPI@1e66f1f5]" name="addNewPet" duration-ms="3670" started-at="2019-11-14T15:20:44 CET" finished-at="2019-11-14T15:20:47 CET">
          <reporter-output>
          </reporter-output>
        </test-method> <!-- addNewPet -->
        <test-method status="PASS" signature="getPet()[pri:2, instance:PetstoreAPI_PostiveFlow.PetstoreAPI@1e66f1f5]" name="getPet" duration-ms="1733" started-at="2019-11-14T15:20:47 CET" finished-at="2019-11-14T15:20:49 CET">
          <reporter-output>
          </reporter-output>
        </test-method> <!-- getPet -->
        <test-method status="PASS" signature="updatePet()[pri:3, instance:PetstoreAPI_PostiveFlow.PetstoreAPI@1e66f1f5]" name="updatePet" duration-ms="1437" started-at="2019-11-14T15:20:49 CET" finished-at="2019-11-14T15:20:51 CET">
          <reporter-output>
          </reporter-output>
        </test-method> <!-- updatePet -->
        <test-method status="PASS" signature="getPet_afterUpdate()[pri:4, instance:PetstoreAPI_PostiveFlow.PetstoreAPI@1e66f1f5]" name="getPet_afterUpdate" duration-ms="702" started-at="2019-11-14T15:20:51 CET" finished-at="2019-11-14T15:20:51 CET">
          <reporter-output>
          </reporter-output>
        </test-method> <!-- getPet_afterUpdate -->
        <test-method status="PASS" signature="deletePet()[pri:5, instance:PetstoreAPI_PostiveFlow.PetstoreAPI@1e66f1f5]" name="deletePet" duration-ms="1416" started-at="2019-11-14T15:20:51 CET" finished-at="2019-11-14T15:20:53 CET">
          <reporter-output>
          </reporter-output>
        </test-method> <!-- deletePet -->
        <test-method status="PASS" signature="getPet_afterDelete()[pri:6, instance:PetstoreAPI_PostiveFlow.PetstoreAPI@1e66f1f5]" name="getPet_afterDelete" duration-ms="752" started-at="2019-11-14T15:20:53 CET" finished-at="2019-11-14T15:20:53 CET">
          <reporter-output>
          </reporter-output>
        </test-method> <!-- getPet_afterDelete -->
      </class> <!-- PetstoreAPI_PostiveFlow.PetstoreAPI -->
    </test> <!-- Default test -->
  </suite> <!-- Default suite -->
</testng-results>
